<?xml version="1.0" encoding="UTF-8"?>
<testsuite xmlns:xsi="http://www.w3.org/2001/XMLSchema-instance" xsi:noNamespaceSchemaLocation="https://maven.apache.org/surefire/maven-surefire-plugin/xsd/surefire-test-report-3.0.xsd" version="3.0" name="TestSuite" time="0.434" tests="2" errors="0" skipped="0" failures="0">
  <properties>
[...]
</properties>
  <testcase name="verifyForiegnPlayer" classname="testScenarios" time="0.001">
    <system-out><![CDATA[{
  "name": "Royal Challengers Bangalore",
  "location": "Bangalore",
  "player": [
    {
      "name": "Faf Du Plessis",
      "country": "South Africa",
      "role": "Batsman",
      "price-in-crores": "7"
    },
    {
      "name": "Virat Kohli",
      "country": "India",
      "role": "Batsman",
      "price-in-crores": "15"
    },
    {
      "name": "Glenn Maxwell",
      "country": "Australia",
      "role": "Batsman",
      "price-in-crores": "11"
    },
    {
      "name": "Mohammad Siraj",
      "country": "India",
      "role": "Bowler",
      "price-in-crores": "7"
    },
    {
      "name": "Harshal Patel",
      "country": "India",
      "role": "Bowler",
      "price-in-crores": "10.75"
    },
    {
      "name": "Wanindu Hasaranga",
      "country": "Srilanka",
      "role": "Bowler",
      "price-in-crores": "10.75"
    },
    {
      "name": "Dinesh Karthik",
      "country": "India",
      "role": "Wicket-keeper",
      "price-in-crores": "5.5"
    },
    {
      "name": "Shahbaz Ahmed",
      "country": "India",
      "role": "All-Rounder",
      "price-in-crores": "2.4"
    },
    {
      "name": "Rajat Patidar",
      "country": "India",
      "role": "Batsman",
      "price-in-crores": "0.20"
    },
    {
      "name": "Josh Hazlewood",
      "country": "Australia",
      "role": "Bowler",
      "price-in-crores": "7.75"
    },
    {
      "name": "Mahipal Lomror",
      "country": "India",
      "role": "Bowler",
      "price-in-crores": "7.75"
    }
  ]
}]]></system-out>
  </testcase>
  <testcase name="verifyWicketKeeper" classname="testScenarios" time="0"/>
</testsuite>