<?xml version="1.0" encoding="UTF-8"?>
<testng-results ignored="0" total="2" passed="2" failed="0" skipped="0">
  <reporter-output>
  </reporter-output>
  <suite started-at="2022-12-28T19:25:39 IST" name="TestVagrant" finished-at="2022-12-28T19:25:39 IST" duration-ms="143">
    <groups>
    </groups>
    <test started-at="2022-12-28T19:25:39 IST" name="CodingAssessment" finished-at="2022-12-28T19:25:39 IST" duration-ms="143">
      <class name="testScenarios">
        <test-method is-config="true" signature="readJson()[pri:0, instance:testScenarios@757942a1]" started-at="2022-12-28T19:25:39 IST" name="readJson" finished-at="2022-12-28T19:25:39 IST" duration-ms="8" status="PASS">
          <reporter-output>
          </reporter-output>
        </test-method> <!-- readJson -->
        <test-method is-config="true" signature="convertjsonIntoJavaObject()[pri:0, instance:testScenarios@757942a1]" started-at="2022-12-28T19:25:39 IST" name="convertjsonIntoJavaObject" finished-at="2022-12-28T19:25:39 IST" duration-ms="125" status="PASS">
          <reporter-output>
          </reporter-output>
        </test-method> <!-- convertjsonIntoJavaObject -->
        <test-method signature="verifyForiegnPlayer()[pri:0, instance:testScenarios@757942a1]" started-at="2022-12-28T19:25:39 IST" name="verifyForiegnPlayer" finished-at="2022-12-28T19:25:39 IST" duration-ms="1" status="PASS">
          <reporter-output>
          </reporter-output>
        </test-method> <!-- verifyForiegnPlayer -->
        <test-method signature="verifyWicketKeeper()[pri:0, instance:testScenarios@757942a1]" started-at="2022-12-28T19:25:39 IST" name="verifyWicketKeeper" finished-at="2022-12-28T19:25:39 IST" duration-ms="0" status="PASS">
          <reporter-output>
          </reporter-output>
        </test-method> <!-- verifyWicketKeeper -->
      </class> <!-- testScenarios -->
    </test> <!-- CodingAssessment -->
  </suite> <!-- TestVagrant -->
</testng-results>
